SF:lib/feature/beneficiary_home/data/data_sources/local_data_source/beneficiary_local_data_source.dart
DA:13,1
DA:18,1
DA:21,2
DA:23,2
DA:27,1
DA:29,2
DA:30,2
DA:32,3
DA:37,1
DA:42,1
DA:45,2
DA:46,1
DA:53,1
DA:57,0
DA:61,0
LF:15
LH:13
end_of_record
SF:lib/feature/beneficiary_home/data/data_sources/remote_data_source/beneficiary_remote_data_source.dart
DA:14,0
DA:19,0
DA:22,0
DA:23,0
DA:24,0
DA:26,0
DA:32,0
DA:38,0
DA:43,0
DA:44,0
DA:45,0
DA:47,0
DA:53,0
DA:59,0
DA:60,0
DA:61,0
DA:62,0
DA:65,0
DA:66,0
DA:67,0
DA:69,0
LF:21
LH:0
end_of_record
SF:lib/feature/beneficiary_home/data/repository/beneficiary_repository.dart
DA:25,1
DA:30,1
DA:35,2
DA:41,2
DA:46,1
DA:48,2
DA:50,2
DA:51,2
DA:56,1
DA:61,2
DA:64,2
LF:11
LH:11
end_of_record
SF:lib/feature/beneficiary_home/domain/models/beneficiary.dart
DA:11,11
DA:18,2
DA:19,2
DA:20,2
DA:21,2
DA:22,2
DA:23,2
DA:27,3
DA:28,3
DA:29,3
DA:30,3
DA:31,3
DA:32,3
DA:41,17
DA:48,2
DA:49,2
DA:51,10
DA:52,2
DA:53,2
DA:54,2
DA:58,2
DA:59,2
DA:60,2
DA:61,2
DA:62,2
DA:63,2
DA:66,1
DA:69,0
DA:75,0
DA:76,0
DA:77,0
DA:78,0
DA:80,0
LF:33
LH:27
end_of_record
SF:lib/libraries/api_client.dart
DA:22,0
DA:26,0
DA:33,0
DA:36,0
DA:43,0
DA:47,0
DA:54,0
DA:57,0
DA:61,0
LF:9
LH:0
end_of_record
SF:lib/feature/beneficiary_home/data/data_sources/mapper/beneficiary_response_mapper.dart
DA:8,1
DA:10,1
DA:11,3
DA:12,2
DA:14,3
DA:17,1
DA:21,1
DA:22,1
DA:24,1
DA:28,2
DA:29,1
DA:30,1
DA:32,2
DA:33,1
DA:34,1
DA:35,2
DA:37,1
DA:38,1
LF:18
LH:18
end_of_record
SF:lib/feature/beneficiary_home/domain/exceptions/add_beneficiary_exception.dart
DA:4,0
LF:1
LH:0
end_of_record
SF:lib/feature/beneficiary_home/domain/exceptions/get_beneficiaries_exception.dart
DA:4,0
LF:1
LH:0
end_of_record
SF:lib/feature/beneficiary_home/domain/exceptions/top_up_exception.dart
DA:4,0
LF:1
LH:0
end_of_record
SF:lib/feature/beneficiary_home/domain/exceptions/base_exception.dart
DA:6,0
DA:10,0
DA:12,0
DA:15,0
LF:4
LH:0
end_of_record
SF:lib/feature/beneficiary_home/domain/usecase/add_beneficiary_use_case.dart
DA:13,1
DA:17,1
DA:21,2
DA:22,1
DA:23,1
LF:5
LH:5
end_of_record
SF:lib/feature/beneficiary_home/domain/usecase/get_beneficiaries_use_case.dart
DA:11,1
DA:15,1
DA:17,2
LF:3
LH:3
end_of_record
SF:lib/feature/beneficiary_home/domain/usecase/top_up_use_case.dart
DA:14,1
DA:18,1
DA:23,2
LF:3
LH:3
end_of_record
SF:lib/feature/beneficiary_home/presentation/bloc/beneficiary_bloc.dart
DA:18,1
DA:22,2
DA:23,2
DA:24,2
DA:25,2
DA:26,2
DA:27,2
DA:30,1
DA:31,4
DA:32,2
DA:34,1
DA:35,2
DA:37,1
DA:40,2
DA:41,2
DA:42,1
DA:44,1
DA:45,1
DA:51,1
DA:53,3
DA:56,3
DA:60,1
DA:62,2
DA:65,2
DA:68,1
DA:70,3
DA:72,0
DA:73,0
DA:75,0
DA:80,0
DA:82,0
DA:85,1
DA:87,3
DA:89,3
DA:91,1
DA:92,1
DA:93,1
DA:96,0
DA:97,0
DA:101,1
DA:103,2
DA:105,2
DA:106,1
DA:107,3
DA:109,0
DA:110,0
DA:113,1
DA:114,0
DA:116,3
LF:49
LH:39
end_of_record
SF:lib/feature/beneficiary_home/presentation/bloc/beneficiary_events.dart
DA:5,0
DA:6,0
DA:13,1
DA:18,0
DA:19,0
DA:20,0
DA:21,0
DA:33,1
DA:38,0
DA:39,0
DA:40,0
DA:41,0
DA:48,1
DA:52,0
DA:53,0
DA:54,0
LF:16
LH:3
end_of_record
SF:lib/feature/beneficiary_home/presentation/bloc/beneficiary_states.dart
DA:5,1
DA:6,1
DA:12,1
DA:14,1
DA:15,2
DA:21,1
DA:23,1
DA:24,2
DA:30,1
DA:32,1
DA:33,2
DA:47,1
DA:49,1
DA:50,2
LF:14
LH:14
end_of_record
